{"D:\\kuliah\\mbkm\\infinite-learning\\smartrecycling-backend\\app\\__test__\\db.js": {"path":"D:\\kuliah\\mbkm\\infinite-learning\\smartrecycling-backend\\app\\__test__\\db.js","statementMap":{"0":{"start":{"line":3,"column":25},"end":{"line":9,"column":1}},"1":{"start":{"line":11,"column":40},"end":{"line":19,"column":1}},"2":{"start":{"line":12,"column":2},"end":{"line":18,"column":3}},"3":{"start":{"line":13,"column":23},"end":{"line":13,"column":69}},"4":{"start":{"line":14,"column":4},"end":{"line":14,"column":21}},"5":{"start":{"line":16,"column":4},"end":{"line":16,"column":62}},"6":{"start":{"line":17,"column":4},"end":{"line":17,"column":15}},"7":{"start":{"line":21,"column":21},"end":{"line":21,"column":217}}},"fnMap":{"0":{"name":"(anonymous_0)","decl":{"start":{"line":11,"column":40},"end":{"line":11,"column":41}},"loc":{"start":{"line":11,"column":52},"end":{"line":19,"column":1}},"line":11}},"branchMap":{},"s":{"0":7,"1":7,"2":1,"3":1,"4":1,"5":0,"6":0,"7":7},"f":{"0":1},"b":{},"_coverageSchema":"1a1c01bbd47fc00a2c39e90264f33305004495a9","hash":"bfd0f1cb06e64bbf33c189e6031805e49b26e293"}
,"D:\\kuliah\\mbkm\\infinite-learning\\smartrecycling-backend\\app\\controller\\auth.controller.js": {"path":"D:\\kuliah\\mbkm\\infinite-learning\\smartrecycling-backend\\app\\controller\\auth.controller.js","statementMap":{"0":{"start":{"line":6,"column":19},"end":{"line":6,"column":27}},"1":{"start":{"line":8,"column":30},"end":{"line":127,"column":1}},"2":{"start":{"line":10,"column":4},"end":{"line":44,"column":5}},"3":{"start":{"line":11,"column":40},"end":{"line":11,"column":48}},"4":{"start":{"line":12,"column":21},"end":{"line":12,"column":29}},"5":{"start":{"line":14,"column":30},"end":{"line":17,"column":7}},"6":{"start":{"line":19,"column":6},"end":{"line":24,"column":7}},"7":{"start":{"line":20,"column":8},"end":{"line":23,"column":11}},"8":{"start":{"line":26,"column":6},"end":{"line":31,"column":7}},"9":{"start":{"line":27,"column":8},"end":{"line":30,"column":11}},"10":{"start":{"line":33,"column":25},"end":{"line":33,"column":27}},"11":{"start":{"line":34,"column":27},"end":{"line":34,"column":68}},"12":{"start":{"line":36,"column":23},"end":{"line":39,"column":7}},"13":{"start":{"line":41,"column":6},"end":{"line":41,"column":60}},"14":{"start":{"line":43,"column":6},"end":{"line":43,"column":18}},"15":{"start":{"line":48,"column":4},"end":{"line":101,"column":5}},"16":{"start":{"line":49,"column":34},"end":{"line":49,"column":42}},"17":{"start":{"line":51,"column":22},"end":{"line":54,"column":7}},"18":{"start":{"line":55,"column":19},"end":{"line":55,"column":27}},"19":{"start":{"line":57,"column":6},"end":{"line":62,"column":7}},"20":{"start":{"line":58,"column":8},"end":{"line":61,"column":11}},"21":{"start":{"line":64,"column":28},"end":{"line":64,"column":75}},"22":{"start":{"line":66,"column":6},"end":{"line":71,"column":7}},"23":{"start":{"line":67,"column":8},"end":{"line":70,"column":11}},"24":{"start":{"line":73,"column":27},"end":{"line":73,"column":57}},"25":{"start":{"line":74,"column":28},"end":{"line":74,"column":65}},"26":{"start":{"line":75,"column":25},"end":{"line":75,"column":56}},"27":{"start":{"line":77,"column":37},"end":{"line":80,"column":7}},"28":{"start":{"line":82,"column":6},"end":{"line":92,"column":7}},"29":{"start":{"line":83,"column":8},"end":{"line":86,"column":10}},"30":{"start":{"line":88,"column":8},"end":{"line":91,"column":10}},"31":{"start":{"line":94,"column":6},"end":{"line":98,"column":9}},"32":{"start":{"line":100,"column":6},"end":{"line":100,"column":18}},"33":{"start":{"line":105,"column":4},"end":{"line":125,"column":5}},"34":{"start":{"line":106,"column":23},"end":{"line":106,"column":31}},"35":{"start":{"line":108,"column":22},"end":{"line":110,"column":8}},"36":{"start":{"line":112,"column":6},"end":{"line":117,"column":7}},"37":{"start":{"line":113,"column":8},"end":{"line":116,"column":11}},"38":{"start":{"line":119,"column":6},"end":{"line":122,"column":9}},"39":{"start":{"line":124,"column":6},"end":{"line":124,"column":18}}},"fnMap":{"0":{"name":"(anonymous_0)","decl":{"start":{"line":9,"column":10},"end":{"line":9,"column":11}},"loc":{"start":{"line":9,"column":36},"end":{"line":45,"column":3}},"line":9},"1":{"name":"(anonymous_1)","decl":{"start":{"line":47,"column":10},"end":{"line":47,"column":11}},"loc":{"start":{"line":47,"column":36},"end":{"line":102,"column":3}},"line":47},"2":{"name":"(anonymous_2)","decl":{"start":{"line":104,"column":11},"end":{"line":104,"column":12}},"loc":{"start":{"line":104,"column":37},"end":{"line":126,"column":3}},"line":104}},"branchMap":{"0":{"loc":{"start":{"line":19,"column":6},"end":{"line":24,"column":7}},"type":"if","locations":[{"start":{"line":19,"column":6},"end":{"line":24,"column":7}},{"start":{},"end":{}}],"line":19},"1":{"loc":{"start":{"line":26,"column":6},"end":{"line":31,"column":7}},"type":"if","locations":[{"start":{"line":26,"column":6},"end":{"line":31,"column":7}},{"start":{},"end":{}}],"line":26},"2":{"loc":{"start":{"line":26,"column":10},"end":{"line":26,"column":41}},"type":"binary-expr","locations":[{"start":{"line":26,"column":10},"end":{"line":26,"column":22}},{"start":{"line":26,"column":26},"end":{"line":26,"column":41}}],"line":26},"3":{"loc":{"start":{"line":57,"column":6},"end":{"line":62,"column":7}},"type":"if","locations":[{"start":{"line":57,"column":6},"end":{"line":62,"column":7}},{"start":{},"end":{}}],"line":57},"4":{"loc":{"start":{"line":66,"column":6},"end":{"line":71,"column":7}},"type":"if","locations":[{"start":{"line":66,"column":6},"end":{"line":71,"column":7}},{"start":{},"end":{}}],"line":66},"5":{"loc":{"start":{"line":82,"column":6},"end":{"line":92,"column":7}},"type":"if","locations":[{"start":{"line":82,"column":6},"end":{"line":92,"column":7}},{"start":{"line":87,"column":13},"end":{"line":92,"column":7}}],"line":82},"6":{"loc":{"start":{"line":112,"column":6},"end":{"line":117,"column":7}},"type":"if","locations":[{"start":{"line":112,"column":6},"end":{"line":117,"column":7}},{"start":{},"end":{}}],"line":112}},"s":{"0":7,"1":7,"2":5,"3":5,"4":5,"5":5,"6":5,"7":1,"8":4,"9":3,"10":1,"11":1,"12":1,"13":1,"14":0,"15":4,"16":4,"17":4,"18":4,"19":4,"20":2,"21":2,"22":2,"23":1,"24":1,"25":1,"26":1,"27":1,"28":1,"29":1,"30":0,"31":1,"32":0,"33":2,"34":2,"35":2,"36":2,"37":1,"38":1,"39":0},"f":{"0":5,"1":4,"2":2},"b":{"0":[1,4],"1":[3,1],"2":[4,1],"3":[2,2],"4":[1,1],"5":[1,0],"6":[1,1]},"_coverageSchema":"1a1c01bbd47fc00a2c39e90264f33305004495a9","hash":"66987261d607930a932c1a00bb156a31b965383d"}
,"D:\\kuliah\\mbkm\\infinite-learning\\smartrecycling-backend\\app\\controller\\event.controller.js": {"path":"D:\\kuliah\\mbkm\\infinite-learning\\smartrecycling-backend\\app\\controller\\event.controller.js","statementMap":{"0":{"start":{"line":4,"column":19},"end":{"line":4,"column":27}},"1":{"start":{"line":6,"column":24},"end":{"line":27,"column":1}},"2":{"start":{"line":7,"column":2},"end":{"line":26,"column":3}},"3":{"start":{"line":8,"column":4},"end":{"line":13,"column":5}},"4":{"start":{"line":9,"column":6},"end":{"line":12,"column":9}},"5":{"start":{"line":15,"column":17},"end":{"line":15,"column":54}},"6":{"start":{"line":18,"column":19},"end":{"line":18,"column":64}},"7":{"start":{"line":20,"column":4},"end":{"line":23,"column":7}},"8":{"start":{"line":25,"column":4},"end":{"line":25,"column":16}},"9":{"start":{"line":29,"column":27},"end":{"line":52,"column":1}},"10":{"start":{"line":30,"column":2},"end":{"line":51,"column":3}},"11":{"start":{"line":31,"column":56},"end":{"line":31,"column":64}},"12":{"start":{"line":34,"column":25},"end":{"line":34,"column":93}},"13":{"start":{"line":36,"column":4},"end":{"line":41,"column":5}},"14":{"start":{"line":37,"column":6},"end":{"line":40,"column":9}},"15":{"start":{"line":43,"column":27},"end":{"line":43,"column":175}},"16":{"start":{"line":45,"column":4},"end":{"line":48,"column":7}},"17":{"start":{"line":50,"column":4},"end":{"line":50,"column":16}},"18":{"start":{"line":55,"column":27},"end":{"line":90,"column":1}},"19":{"start":{"line":56,"column":2},"end":{"line":89,"column":3}},"20":{"start":{"line":57,"column":20},"end":{"line":57,"column":33}},"21":{"start":{"line":58,"column":56},"end":{"line":58,"column":64}},"22":{"start":{"line":61,"column":28},"end":{"line":61,"column":97}},"23":{"start":{"line":63,"column":4},"end":{"line":68,"column":5}},"24":{"start":{"line":64,"column":6},"end":{"line":67,"column":9}},"25":{"start":{"line":71,"column":25},"end":{"line":71,"column":93}},"26":{"start":{"line":73,"column":4},"end":{"line":78,"column":5}},"27":{"start":{"line":74,"column":6},"end":{"line":77,"column":9}},"28":{"start":{"line":81,"column":4},"end":{"line":81,"column":168}},"29":{"start":{"line":83,"column":4},"end":{"line":86,"column":7}},"30":{"start":{"line":88,"column":4},"end":{"line":88,"column":16}}},"fnMap":{"0":{"name":"(anonymous_0)","decl":{"start":{"line":6,"column":24},"end":{"line":6,"column":25}},"loc":{"start":{"line":6,"column":50},"end":{"line":27,"column":1}},"line":6},"1":{"name":"(anonymous_1)","decl":{"start":{"line":29,"column":27},"end":{"line":29,"column":28}},"loc":{"start":{"line":29,"column":53},"end":{"line":52,"column":1}},"line":29},"2":{"name":"(anonymous_2)","decl":{"start":{"line":55,"column":27},"end":{"line":55,"column":28}},"loc":{"start":{"line":55,"column":53},"end":{"line":90,"column":1}},"line":55}},"branchMap":{"0":{"loc":{"start":{"line":8,"column":4},"end":{"line":13,"column":5}},"type":"if","locations":[{"start":{"line":8,"column":4},"end":{"line":13,"column":5}},{"start":{},"end":{}}],"line":8},"1":{"loc":{"start":{"line":36,"column":4},"end":{"line":41,"column":5}},"type":"if","locations":[{"start":{"line":36,"column":4},"end":{"line":41,"column":5}},{"start":{},"end":{}}],"line":36},"2":{"loc":{"start":{"line":63,"column":4},"end":{"line":68,"column":5}},"type":"if","locations":[{"start":{"line":63,"column":4},"end":{"line":68,"column":5}},{"start":{},"end":{}}],"line":63},"3":{"loc":{"start":{"line":73,"column":4},"end":{"line":78,"column":5}},"type":"if","locations":[{"start":{"line":73,"column":4},"end":{"line":78,"column":5}},{"start":{},"end":{}}],"line":73}},"s":{"0":7,"1":7,"2":2,"3":2,"4":1,"5":1,"6":1,"7":1,"8":0,"9":7,"10":1,"11":1,"12":1,"13":1,"14":0,"15":1,"16":1,"17":0,"18":7,"19":2,"20":2,"21":2,"22":2,"23":2,"24":0,"25":2,"26":2,"27":1,"28":1,"29":1,"30":0},"f":{"0":2,"1":1,"2":2},"b":{"0":[1,1],"1":[0,1],"2":[0,2],"3":[1,1]},"_coverageSchema":"1a1c01bbd47fc00a2c39e90264f33305004495a9","hash":"712d53fb0016982959ef4b2a720cb1e2960d534c"}
,"D:\\kuliah\\mbkm\\infinite-learning\\smartrecycling-backend\\app\\controller\\exchange.controller.js": {"path":"D:\\kuliah\\mbkm\\infinite-learning\\smartrecycling-backend\\app\\controller\\exchange.controller.js","statementMap":{"0":{"start":{"line":4,"column":19},"end":{"line":4,"column":27}},"1":{"start":{"line":6,"column":39},"end":{"line":27,"column":1}},"2":{"start":{"line":7,"column":2},"end":{"line":26,"column":3}},"3":{"start":{"line":8,"column":4},"end":{"line":13,"column":5}},"4":{"start":{"line":9,"column":6},"end":{"line":12,"column":9}},"5":{"start":{"line":15,"column":17},"end":{"line":15,"column":54}},"6":{"start":{"line":17,"column":38},"end":{"line":17,"column":97}},"7":{"start":{"line":18,"column":33},"end":{"line":18,"column":56}},"8":{"start":{"line":20,"column":4},"end":{"line":23,"column":7}},"9":{"start":{"line":25,"column":4},"end":{"line":25,"column":16}},"10":{"start":{"line":29,"column":47},"end":{"line":43,"column":1}},"11":{"start":{"line":30,"column":2},"end":{"line":42,"column":3}},"12":{"start":{"line":31,"column":24},"end":{"line":31,"column":34}},"13":{"start":{"line":33,"column":38},"end":{"line":33,"column":126}},"14":{"start":{"line":34,"column":33},"end":{"line":34,"column":56}},"15":{"start":{"line":36,"column":4},"end":{"line":39,"column":7}},"16":{"start":{"line":41,"column":4},"end":{"line":41,"column":16}},"17":{"start":{"line":45,"column":41},"end":{"line":59,"column":1}},"18":{"start":{"line":46,"column":2},"end":{"line":58,"column":3}},"19":{"start":{"line":47,"column":34},"end":{"line":47,"column":42}},"20":{"start":{"line":50,"column":41},"end":{"line":50,"column":153}},"21":{"start":{"line":52,"column":4},"end":{"line":55,"column":7}},"22":{"start":{"line":57,"column":4},"end":{"line":57,"column":16}}},"fnMap":{"0":{"name":"(anonymous_0)","decl":{"start":{"line":6,"column":39},"end":{"line":6,"column":40}},"loc":{"start":{"line":6,"column":65},"end":{"line":27,"column":1}},"line":6},"1":{"name":"(anonymous_1)","decl":{"start":{"line":29,"column":47},"end":{"line":29,"column":48}},"loc":{"start":{"line":29,"column":73},"end":{"line":43,"column":1}},"line":29},"2":{"name":"(anonymous_2)","decl":{"start":{"line":45,"column":41},"end":{"line":45,"column":42}},"loc":{"start":{"line":45,"column":67},"end":{"line":59,"column":1}},"line":45}},"branchMap":{"0":{"loc":{"start":{"line":8,"column":4},"end":{"line":13,"column":5}},"type":"if","locations":[{"start":{"line":8,"column":4},"end":{"line":13,"column":5}},{"start":{},"end":{}}],"line":8}},"s":{"0":7,"1":7,"2":0,"3":0,"4":0,"5":0,"6":0,"7":0,"8":0,"9":0,"10":7,"11":0,"12":0,"13":0,"14":0,"15":0,"16":0,"17":7,"18":0,"19":0,"20":0,"21":0,"22":0},"f":{"0":0,"1":0,"2":0},"b":{"0":[0,0]},"_coverageSchema":"1a1c01bbd47fc00a2c39e90264f33305004495a9","hash":"c49c1ca983a136bcb6a31ba5c806d444cc9ba16b"}
,"D:\\kuliah\\mbkm\\infinite-learning\\smartrecycling-backend\\app\\controller\\item.controller.js": {"path":"D:\\kuliah\\mbkm\\infinite-learning\\smartrecycling-backend\\app\\controller\\item.controller.js","statementMap":{"0":{"start":{"line":4,"column":19},"end":{"line":4,"column":27}},"1":{"start":{"line":6,"column":24},"end":{"line":27,"column":1}},"2":{"start":{"line":7,"column":2},"end":{"line":26,"column":3}},"3":{"start":{"line":8,"column":4},"end":{"line":13,"column":5}},"4":{"start":{"line":9,"column":6},"end":{"line":12,"column":9}},"5":{"start":{"line":15,"column":4},"end":{"line":15,"column":42}},"6":{"start":{"line":17,"column":23},"end":{"line":17,"column":67}},"7":{"start":{"line":18,"column":18},"end":{"line":18,"column":26}},"8":{"start":{"line":20,"column":4},"end":{"line":23,"column":7}},"9":{"start":{"line":25,"column":4},"end":{"line":25,"column":16}},"10":{"start":{"line":29,"column":26},"end":{"line":50,"column":1}},"11":{"start":{"line":30,"column":2},"end":{"line":49,"column":3}},"12":{"start":{"line":31,"column":4},"end":{"line":36,"column":5}},"13":{"start":{"line":32,"column":6},"end":{"line":35,"column":9}},"14":{"start":{"line":38,"column":17},"end":{"line":38,"column":54}},"15":{"start":{"line":39,"column":36},"end":{"line":39,"column":44}},"16":{"start":{"line":41,"column":26},"end":{"line":41,"column":130}},"17":{"start":{"line":43,"column":4},"end":{"line":46,"column":7}},"18":{"start":{"line":48,"column":4},"end":{"line":48,"column":16}},"19":{"start":{"line":52,"column":26},"end":{"line":87,"column":1}},"20":{"start":{"line":53,"column":2},"end":{"line":86,"column":3}},"21":{"start":{"line":54,"column":4},"end":{"line":59,"column":5}},"22":{"start":{"line":55,"column":6},"end":{"line":58,"column":9}},"23":{"start":{"line":61,"column":17},"end":{"line":61,"column":54}},"24":{"start":{"line":62,"column":22},"end":{"line":62,"column":32}},"25":{"start":{"line":64,"column":25},"end":{"line":64,"column":91}},"26":{"start":{"line":66,"column":4},"end":{"line":71,"column":5}},"27":{"start":{"line":67,"column":6},"end":{"line":70,"column":9}},"28":{"start":{"line":73,"column":36},"end":{"line":73,"column":44}},"29":{"start":{"line":75,"column":4},"end":{"line":75,"column":121}},"30":{"start":{"line":77,"column":30},"end":{"line":77,"column":96}},"31":{"start":{"line":78,"column":24},"end":{"line":78,"column":42}},"32":{"start":{"line":80,"column":4},"end":{"line":83,"column":7}},"33":{"start":{"line":85,"column":4},"end":{"line":85,"column":16}}},"fnMap":{"0":{"name":"(anonymous_0)","decl":{"start":{"line":6,"column":24},"end":{"line":6,"column":25}},"loc":{"start":{"line":6,"column":50},"end":{"line":27,"column":1}},"line":6},"1":{"name":"(anonymous_1)","decl":{"start":{"line":29,"column":26},"end":{"line":29,"column":27}},"loc":{"start":{"line":29,"column":52},"end":{"line":50,"column":1}},"line":29},"2":{"name":"(anonymous_2)","decl":{"start":{"line":52,"column":26},"end":{"line":52,"column":27}},"loc":{"start":{"line":52,"column":52},"end":{"line":87,"column":1}},"line":52}},"branchMap":{"0":{"loc":{"start":{"line":8,"column":4},"end":{"line":13,"column":5}},"type":"if","locations":[{"start":{"line":8,"column":4},"end":{"line":13,"column":5}},{"start":{},"end":{}}],"line":8},"1":{"loc":{"start":{"line":31,"column":4},"end":{"line":36,"column":5}},"type":"if","locations":[{"start":{"line":31,"column":4},"end":{"line":36,"column":5}},{"start":{},"end":{}}],"line":31},"2":{"loc":{"start":{"line":54,"column":4},"end":{"line":59,"column":5}},"type":"if","locations":[{"start":{"line":54,"column":4},"end":{"line":59,"column":5}},{"start":{},"end":{}}],"line":54},"3":{"loc":{"start":{"line":66,"column":4},"end":{"line":71,"column":5}},"type":"if","locations":[{"start":{"line":66,"column":4},"end":{"line":71,"column":5}},{"start":{},"end":{}}],"line":66}},"s":{"0":7,"1":7,"2":1,"3":1,"4":0,"5":1,"6":1,"7":1,"8":1,"9":0,"10":7,"11":2,"12":2,"13":0,"14":2,"15":2,"16":2,"17":2,"18":0,"19":7,"20":1,"21":1,"22":0,"23":1,"24":1,"25":1,"26":1,"27":0,"28":1,"29":1,"30":1,"31":1,"32":1,"33":0},"f":{"0":1,"1":2,"2":1},"b":{"0":[0,1],"1":[0,2],"2":[0,1],"3":[0,1]},"_coverageSchema":"1a1c01bbd47fc00a2c39e90264f33305004495a9","hash":"98fa76145fe9cd371af3d2f451e22ccca7b8fe53"}
,"D:\\kuliah\\mbkm\\infinite-learning\\smartrecycling-backend\\app\\controller\\payment.controller.js": {"path":"D:\\kuliah\\mbkm\\infinite-learning\\smartrecycling-backend\\app\\controller\\payment.controller.js","statementMap":{"0":{"start":{"line":3,"column":19},"end":{"line":3,"column":27}},"1":{"start":{"line":5,"column":33},"end":{"line":32,"column":1}},"2":{"start":{"line":6,"column":2},"end":{"line":31,"column":3}},"3":{"start":{"line":7,"column":24},"end":{"line":7,"column":34}},"4":{"start":{"line":10,"column":25},"end":{"line":10,"column":93}},"5":{"start":{"line":12,"column":4},"end":{"line":17,"column":5}},"6":{"start":{"line":13,"column":6},"end":{"line":16,"column":9}},"7":{"start":{"line":20,"column":29},"end":{"line":23,"column":5}},"8":{"start":{"line":25,"column":4},"end":{"line":28,"column":7}},"9":{"start":{"line":30,"column":4},"end":{"line":30,"column":16}},"10":{"start":{"line":34,"column":35},"end":{"line":58,"column":1}},"11":{"start":{"line":35,"column":2},"end":{"line":57,"column":3}},"12":{"start":{"line":36,"column":72},"end":{"line":36,"column":80}},"13":{"start":{"line":39,"column":25},"end":{"line":39,"column":93}},"14":{"start":{"line":41,"column":4},"end":{"line":46,"column":5}},"15":{"start":{"line":42,"column":6},"end":{"line":45,"column":9}},"16":{"start":{"line":49,"column":35},"end":{"line":49,"column":226}},"17":{"start":{"line":51,"column":4},"end":{"line":54,"column":7}},"18":{"start":{"line":56,"column":4},"end":{"line":56,"column":16}}},"fnMap":{"0":{"name":"(anonymous_0)","decl":{"start":{"line":5,"column":33},"end":{"line":5,"column":34}},"loc":{"start":{"line":5,"column":59},"end":{"line":32,"column":1}},"line":5},"1":{"name":"(anonymous_1)","decl":{"start":{"line":34,"column":35},"end":{"line":34,"column":36}},"loc":{"start":{"line":34,"column":61},"end":{"line":58,"column":1}},"line":34}},"branchMap":{"0":{"loc":{"start":{"line":12,"column":4},"end":{"line":17,"column":5}},"type":"if","locations":[{"start":{"line":12,"column":4},"end":{"line":17,"column":5}},{"start":{},"end":{}}],"line":12},"1":{"loc":{"start":{"line":41,"column":4},"end":{"line":46,"column":5}},"type":"if","locations":[{"start":{"line":41,"column":4},"end":{"line":46,"column":5}},{"start":{},"end":{}}],"line":41}},"s":{"0":7,"1":7,"2":1,"3":1,"4":1,"5":1,"6":1,"7":0,"8":0,"9":0,"10":7,"11":1,"12":1,"13":1,"14":1,"15":1,"16":0,"17":0,"18":0},"f":{"0":1,"1":1},"b":{"0":[1,0],"1":[1,0]},"_coverageSchema":"1a1c01bbd47fc00a2c39e90264f33305004495a9","hash":"90bbc58270bd8d2e383a32b95e35614b2582fb1c"}
,"D:\\kuliah\\mbkm\\infinite-learning\\smartrecycling-backend\\app\\controller\\report.controller.js": {"path":"D:\\kuliah\\mbkm\\infinite-learning\\smartrecycling-backend\\app\\controller\\report.controller.js","statementMap":{"0":{"start":{"line":4,"column":19},"end":{"line":4,"column":27}},"1":{"start":{"line":6,"column":25},"end":{"line":27,"column":1}},"2":{"start":{"line":7,"column":2},"end":{"line":26,"column":3}},"3":{"start":{"line":8,"column":4},"end":{"line":13,"column":5}},"4":{"start":{"line":9,"column":6},"end":{"line":12,"column":9}},"5":{"start":{"line":15,"column":17},"end":{"line":15,"column":54}},"6":{"start":{"line":17,"column":25},"end":{"line":17,"column":71}},"7":{"start":{"line":18,"column":19},"end":{"line":18,"column":29}},"8":{"start":{"line":20,"column":4},"end":{"line":23,"column":7}},"9":{"start":{"line":25,"column":4},"end":{"line":25,"column":16}},"10":{"start":{"line":29,"column":28},"end":{"line":59,"column":1}},"11":{"start":{"line":30,"column":2},"end":{"line":58,"column":3}},"12":{"start":{"line":31,"column":50},"end":{"line":31,"column":58}},"13":{"start":{"line":33,"column":17},"end":{"line":33,"column":54}},"14":{"start":{"line":35,"column":4},"end":{"line":40,"column":5}},"15":{"start":{"line":36,"column":6},"end":{"line":39,"column":9}},"16":{"start":{"line":42,"column":4},"end":{"line":47,"column":5}},"17":{"start":{"line":43,"column":6},"end":{"line":46,"column":9}},"18":{"start":{"line":50,"column":28},"end":{"line":50,"column":165}},"19":{"start":{"line":52,"column":4},"end":{"line":55,"column":7}},"20":{"start":{"line":57,"column":4},"end":{"line":57,"column":16}},"21":{"start":{"line":61,"column":28},"end":{"line":76,"column":1}},"22":{"start":{"line":62,"column":2},"end":{"line":75,"column":3}},"23":{"start":{"line":63,"column":50},"end":{"line":63,"column":58}},"24":{"start":{"line":64,"column":19},"end":{"line":64,"column":29}},"25":{"start":{"line":67,"column":28},"end":{"line":67,"column":175}},"26":{"start":{"line":69,"column":4},"end":{"line":72,"column":7}},"27":{"start":{"line":74,"column":4},"end":{"line":74,"column":16}},"28":{"start":{"line":78,"column":28},"end":{"line":92,"column":1}},"29":{"start":{"line":79,"column":2},"end":{"line":91,"column":3}},"30":{"start":{"line":80,"column":19},"end":{"line":80,"column":29}},"31":{"start":{"line":83,"column":28},"end":{"line":83,"column":91}},"32":{"start":{"line":85,"column":4},"end":{"line":88,"column":7}},"33":{"start":{"line":90,"column":4},"end":{"line":90,"column":16}}},"fnMap":{"0":{"name":"(anonymous_0)","decl":{"start":{"line":6,"column":25},"end":{"line":6,"column":26}},"loc":{"start":{"line":6,"column":51},"end":{"line":27,"column":1}},"line":6},"1":{"name":"(anonymous_1)","decl":{"start":{"line":29,"column":28},"end":{"line":29,"column":29}},"loc":{"start":{"line":29,"column":54},"end":{"line":59,"column":1}},"line":29},"2":{"name":"(anonymous_2)","decl":{"start":{"line":61,"column":28},"end":{"line":61,"column":29}},"loc":{"start":{"line":61,"column":54},"end":{"line":76,"column":1}},"line":61},"3":{"name":"(anonymous_3)","decl":{"start":{"line":78,"column":28},"end":{"line":78,"column":29}},"loc":{"start":{"line":78,"column":54},"end":{"line":92,"column":1}},"line":78}},"branchMap":{"0":{"loc":{"start":{"line":8,"column":4},"end":{"line":13,"column":5}},"type":"if","locations":[{"start":{"line":8,"column":4},"end":{"line":13,"column":5}},{"start":{},"end":{}}],"line":8},"1":{"loc":{"start":{"line":35,"column":4},"end":{"line":40,"column":5}},"type":"if","locations":[{"start":{"line":35,"column":4},"end":{"line":40,"column":5}},{"start":{},"end":{}}],"line":35},"2":{"loc":{"start":{"line":42,"column":4},"end":{"line":47,"column":5}},"type":"if","locations":[{"start":{"line":42,"column":4},"end":{"line":47,"column":5}},{"start":{},"end":{}}],"line":42},"3":{"loc":{"start":{"line":42,"column":8},"end":{"line":42,"column":51}},"type":"binary-expr","locations":[{"start":{"line":42,"column":8},"end":{"line":42,"column":14}},{"start":{"line":42,"column":18},"end":{"line":42,"column":26}},{"start":{"line":42,"column":30},"end":{"line":42,"column":39}},{"start":{"line":42,"column":43},"end":{"line":42,"column":51}}],"line":42}},"s":{"0":7,"1":7,"2":2,"3":2,"4":1,"5":1,"6":1,"7":1,"8":1,"9":0,"10":7,"11":5,"12":5,"13":5,"14":4,"15":0,"16":4,"17":2,"18":2,"19":1,"20":2,"21":7,"22":1,"23":1,"24":1,"25":1,"26":1,"27":0,"28":7,"29":1,"30":1,"31":1,"32":1,"33":0},"f":{"0":2,"1":5,"2":1,"3":1},"b":{"0":[1,1],"1":[0,4],"2":[2,2],"3":[4,3,2,2]},"_coverageSchema":"1a1c01bbd47fc00a2c39e90264f33305004495a9","hash":"7d9f9ba7091c931ca94f7e4e8b6a1088ab0ec493"}
,"D:\\kuliah\\mbkm\\infinite-learning\\smartrecycling-backend\\app\\controller\\transaction.controller.js": {"path":"D:\\kuliah\\mbkm\\infinite-learning\\smartrecycling-backend\\app\\controller\\transaction.controller.js","statementMap":{"0":{"start":{"line":3,"column":19},"end":{"line":3,"column":27}},"1":{"start":{"line":5,"column":37},"end":{"line":27,"column":1}},"2":{"start":{"line":6,"column":2},"end":{"line":26,"column":3}},"3":{"start":{"line":7,"column":24},"end":{"line":7,"column":34}},"4":{"start":{"line":10,"column":25},"end":{"line":10,"column":107}},"5":{"start":{"line":11,"column":4},"end":{"line":16,"column":5}},"6":{"start":{"line":12,"column":6},"end":{"line":15,"column":9}},"7":{"start":{"line":18,"column":33},"end":{"line":18,"column":177}},"8":{"start":{"line":20,"column":4},"end":{"line":23,"column":7}},"9":{"start":{"line":25,"column":4},"end":{"line":25,"column":16}},"10":{"start":{"line":29,"column":40},"end":{"line":53,"column":1}},"11":{"start":{"line":30,"column":2},"end":{"line":52,"column":3}},"12":{"start":{"line":31,"column":66},"end":{"line":31,"column":74}},"13":{"start":{"line":33,"column":32},"end":{"line":33,"column":122}},"14":{"start":{"line":34,"column":34},"end":{"line":34,"column":121}},"15":{"start":{"line":36,"column":4},"end":{"line":41,"column":5}},"16":{"start":{"line":37,"column":6},"end":{"line":40,"column":9}},"17":{"start":{"line":44,"column":40},"end":{"line":44,"column":221}},"18":{"start":{"line":46,"column":4},"end":{"line":49,"column":7}},"19":{"start":{"line":51,"column":4},"end":{"line":51,"column":16}}},"fnMap":{"0":{"name":"(anonymous_0)","decl":{"start":{"line":5,"column":37},"end":{"line":5,"column":38}},"loc":{"start":{"line":5,"column":63},"end":{"line":27,"column":1}},"line":5},"1":{"name":"(anonymous_1)","decl":{"start":{"line":29,"column":40},"end":{"line":29,"column":41}},"loc":{"start":{"line":29,"column":66},"end":{"line":53,"column":1}},"line":29}},"branchMap":{"0":{"loc":{"start":{"line":11,"column":4},"end":{"line":16,"column":5}},"type":"if","locations":[{"start":{"line":11,"column":4},"end":{"line":16,"column":5}},{"start":{},"end":{}}],"line":11},"1":{"loc":{"start":{"line":36,"column":4},"end":{"line":41,"column":5}},"type":"if","locations":[{"start":{"line":36,"column":4},"end":{"line":41,"column":5}},{"start":{},"end":{}}],"line":36},"2":{"loc":{"start":{"line":36,"column":8},"end":{"line":36,"column":74}},"type":"binary-expr","locations":[{"start":{"line":36,"column":8},"end":{"line":36,"column":38}},{"start":{"line":36,"column":42},"end":{"line":36,"column":74}}],"line":36}},"s":{"0":7,"1":7,"2":3,"3":3,"4":3,"5":3,"6":2,"7":1,"8":1,"9":0,"10":7,"11":2,"12":2,"13":2,"14":2,"15":2,"16":1,"17":1,"18":1,"19":0},"f":{"0":3,"1":2},"b":{"0":[2,1],"1":[1,1],"2":[2,1]},"_coverageSchema":"1a1c01bbd47fc00a2c39e90264f33305004495a9","hash":"fa715d029eb47abc3256194933ce1f8e8f3add2d"}
,"D:\\kuliah\\mbkm\\infinite-learning\\smartrecycling-backend\\app\\controller\\user.controller.js": {"path":"D:\\kuliah\\mbkm\\infinite-learning\\smartrecycling-backend\\app\\controller\\user.controller.js","statementMap":{"0":{"start":{"line":4,"column":19},"end":{"line":4,"column":27}},"1":{"start":{"line":6,"column":23},"end":{"line":40,"column":1}},"2":{"start":{"line":7,"column":2},"end":{"line":39,"column":3}},"3":{"start":{"line":8,"column":4},"end":{"line":13,"column":5}},"4":{"start":{"line":9,"column":6},"end":{"line":12,"column":9}},"5":{"start":{"line":15,"column":17},"end":{"line":15,"column":54}},"6":{"start":{"line":17,"column":23},"end":{"line":17,"column":91}},"7":{"start":{"line":18,"column":17},"end":{"line":18,"column":28}},"8":{"start":{"line":20,"column":4},"end":{"line":25,"column":5}},"9":{"start":{"line":21,"column":6},"end":{"line":24,"column":9}},"10":{"start":{"line":27,"column":4},"end":{"line":36,"column":7}},"11":{"start":{"line":38,"column":4},"end":{"line":38,"column":16}},"12":{"start":{"line":42,"column":27},"end":{"line":74,"column":1}},"13":{"start":{"line":43,"column":2},"end":{"line":73,"column":3}},"14":{"start":{"line":45,"column":4},"end":{"line":50,"column":5}},"15":{"start":{"line":46,"column":6},"end":{"line":49,"column":9}},"16":{"start":{"line":53,"column":17},"end":{"line":53,"column":54}},"17":{"start":{"line":54,"column":24},"end":{"line":54,"column":111}},"18":{"start":{"line":56,"column":4},"end":{"line":61,"column":5}},"19":{"start":{"line":57,"column":6},"end":{"line":60,"column":9}},"20":{"start":{"line":64,"column":24},"end":{"line":64,"column":68}},"21":{"start":{"line":65,"column":18},"end":{"line":65,"column":27}},"22":{"start":{"line":67,"column":4},"end":{"line":70,"column":7}},"23":{"start":{"line":72,"column":4},"end":{"line":72,"column":16}},"24":{"start":{"line":76,"column":33},"end":{"line":108,"column":1}},"25":{"start":{"line":77,"column":2},"end":{"line":107,"column":3}},"26":{"start":{"line":78,"column":29},"end":{"line":78,"column":37}},"27":{"start":{"line":80,"column":4},"end":{"line":85,"column":5}},"28":{"start":{"line":81,"column":6},"end":{"line":84,"column":9}},"29":{"start":{"line":88,"column":4},"end":{"line":88,"column":86}},"30":{"start":{"line":91,"column":30},"end":{"line":91,"column":95}},"31":{"start":{"line":92,"column":24},"end":{"line":92,"column":42}},"32":{"start":{"line":94,"column":4},"end":{"line":104,"column":7}},"33":{"start":{"line":106,"column":4},"end":{"line":106,"column":16}},"34":{"start":{"line":110,"column":30},"end":{"line":142,"column":1}},"35":{"start":{"line":111,"column":2},"end":{"line":141,"column":3}},"36":{"start":{"line":112,"column":30},"end":{"line":112,"column":38}},"37":{"start":{"line":114,"column":4},"end":{"line":119,"column":5}},"38":{"start":{"line":115,"column":6},"end":{"line":118,"column":9}},"39":{"start":{"line":122,"column":4},"end":{"line":122,"column":85}},"40":{"start":{"line":125,"column":30},"end":{"line":125,"column":95}},"41":{"start":{"line":126,"column":24},"end":{"line":126,"column":42}},"42":{"start":{"line":128,"column":4},"end":{"line":138,"column":7}},"43":{"start":{"line":140,"column":4},"end":{"line":140,"column":16}}},"fnMap":{"0":{"name":"(anonymous_0)","decl":{"start":{"line":6,"column":23},"end":{"line":6,"column":24}},"loc":{"start":{"line":6,"column":49},"end":{"line":40,"column":1}},"line":6},"1":{"name":"(anonymous_1)","decl":{"start":{"line":42,"column":27},"end":{"line":42,"column":28}},"loc":{"start":{"line":42,"column":53},"end":{"line":74,"column":1}},"line":42},"2":{"name":"(anonymous_2)","decl":{"start":{"line":76,"column":33},"end":{"line":76,"column":34}},"loc":{"start":{"line":76,"column":59},"end":{"line":108,"column":1}},"line":76},"3":{"name":"(anonymous_3)","decl":{"start":{"line":110,"column":30},"end":{"line":110,"column":31}},"loc":{"start":{"line":110,"column":56},"end":{"line":142,"column":1}},"line":110}},"branchMap":{"0":{"loc":{"start":{"line":8,"column":4},"end":{"line":13,"column":5}},"type":"if","locations":[{"start":{"line":8,"column":4},"end":{"line":13,"column":5}},{"start":{},"end":{}}],"line":8},"1":{"loc":{"start":{"line":20,"column":4},"end":{"line":25,"column":5}},"type":"if","locations":[{"start":{"line":20,"column":4},"end":{"line":25,"column":5}},{"start":{},"end":{}}],"line":20},"2":{"loc":{"start":{"line":45,"column":4},"end":{"line":50,"column":5}},"type":"if","locations":[{"start":{"line":45,"column":4},"end":{"line":50,"column":5}},{"start":{},"end":{}}],"line":45},"3":{"loc":{"start":{"line":56,"column":4},"end":{"line":61,"column":5}},"type":"if","locations":[{"start":{"line":56,"column":4},"end":{"line":61,"column":5}},{"start":{},"end":{}}],"line":56},"4":{"loc":{"start":{"line":56,"column":8},"end":{"line":56,"column":44}},"type":"binary-expr","locations":[{"start":{"line":56,"column":8},"end":{"line":56,"column":18}},{"start":{"line":56,"column":22},"end":{"line":56,"column":44}}],"line":56},"5":{"loc":{"start":{"line":80,"column":4},"end":{"line":85,"column":5}},"type":"if","locations":[{"start":{"line":80,"column":4},"end":{"line":85,"column":5}},{"start":{},"end":{}}],"line":80},"6":{"loc":{"start":{"line":80,"column":8},"end":{"line":80,"column":37}},"type":"binary-expr","locations":[{"start":{"line":80,"column":8},"end":{"line":80,"column":13}},{"start":{"line":80,"column":17},"end":{"line":80,"column":37}}],"line":80},"7":{"loc":{"start":{"line":114,"column":4},"end":{"line":119,"column":5}},"type":"if","locations":[{"start":{"line":114,"column":4},"end":{"line":119,"column":5}},{"start":{},"end":{}}],"line":114},"8":{"loc":{"start":{"line":114,"column":8},"end":{"line":114,"column":25}},"type":"binary-expr","locations":[{"start":{"line":114,"column":8},"end":{"line":114,"column":13}},{"start":{"line":114,"column":17},"end":{"line":114,"column":25}}],"line":114}},"s":{"0":7,"1":7,"2":0,"3":0,"4":0,"5":0,"6":0,"7":0,"8":0,"9":0,"10":0,"11":0,"12":7,"13":0,"14":0,"15":0,"16":0,"17":0,"18":0,"19":0,"20":0,"21":0,"22":0,"23":0,"24":7,"25":0,"26":0,"27":0,"28":0,"29":0,"30":0,"31":0,"32":0,"33":0,"34":7,"35":0,"36":0,"37":0,"38":0,"39":0,"40":0,"41":0,"42":0,"43":0},"f":{"0":0,"1":0,"2":0,"3":0},"b":{"0":[0,0],"1":[0,0],"2":[0,0],"3":[0,0],"4":[0,0],"5":[0,0],"6":[0,0],"7":[0,0],"8":[0,0]},"_coverageSchema":"1a1c01bbd47fc00a2c39e90264f33305004495a9","hash":"5412dd9d1a3105e8ba6ceb4b88e5ac2a77c4f24d"}
,"D:\\kuliah\\mbkm\\infinite-learning\\smartrecycling-backend\\app\\lib\\dbConnect.js": {"path":"D:\\kuliah\\mbkm\\infinite-learning\\smartrecycling-backend\\app\\lib\\dbConnect.js","statementMap":{"0":{"start":{"line":6,"column":0},"end":{"line":6,"column":16}},"1":{"start":{"line":8,"column":15},"end":{"line":19,"column":1}},"2":{"start":{"line":9,"column":2},"end":{"line":18,"column":5}}},"fnMap":{"0":{"name":"(anonymous_0)","decl":{"start":{"line":8,"column":15},"end":{"line":8,"column":16}},"loc":{"start":{"line":8,"column":21},"end":{"line":19,"column":1}},"line":8}},"branchMap":{},"s":{"0":7,"1":7,"2":58},"f":{"0":58},"b":{},"_coverageSchema":"1a1c01bbd47fc00a2c39e90264f33305004495a9","hash":"73eefbb2279ae7fd0e6c3b03382526a9073eb771"}
,"D:\\kuliah\\mbkm\\infinite-learning\\smartrecycling-backend\\app\\lib\\testServer.js": {"path":"D:\\kuliah\\mbkm\\infinite-learning\\smartrecycling-backend\\app\\lib\\testServer.js","statementMap":{"0":{"start":{"line":4,"column":0},"end":{"line":4,"column":43}},"1":{"start":{"line":8,"column":19},"end":{"line":18,"column":1}},"2":{"start":{"line":9,"column":14},"end":{"line":9,"column":23}},"3":{"start":{"line":11,"column":2},"end":{"line":11,"column":26}},"4":{"start":{"line":12,"column":2},"end":{"line":12,"column":50}},"5":{"start":{"line":14,"column":2},"end":{"line":14,"column":27}},"6":{"start":{"line":15,"column":2},"end":{"line":15,"column":26}},"7":{"start":{"line":17,"column":2},"end":{"line":17,"column":13}}},"fnMap":{"0":{"name":"(anonymous_0)","decl":{"start":{"line":8,"column":19},"end":{"line":8,"column":20}},"loc":{"start":{"line":8,"column":25},"end":{"line":18,"column":1}},"line":8}},"branchMap":{},"s":{"0":7,"1":7,"2":7,"3":7,"4":7,"5":7,"6":7,"7":7},"f":{"0":7},"b":{},"_coverageSchema":"1a1c01bbd47fc00a2c39e90264f33305004495a9","hash":"18bbdc36582ce77875d7a8f5689e02310c5d4612"}
,"D:\\kuliah\\mbkm\\infinite-learning\\smartrecycling-backend\\app\\lib\\tokenHandler.js": {"path":"D:\\kuliah\\mbkm\\infinite-learning\\smartrecycling-backend\\app\\lib\\tokenHandler.js","statementMap":{"0":{"start":{"line":5,"column":0},"end":{"line":5,"column":9}},"1":{"start":{"line":7,"column":29},"end":{"line":16,"column":1}},"2":{"start":{"line":8,"column":17},"end":{"line":8,"column":88}},"3":{"start":{"line":9,"column":17},"end":{"line":9,"column":88}},"4":{"start":{"line":11,"column":2},"end":{"line":13,"column":3}},"5":{"start":{"line":12,"column":4},"end":{"line":12,"column":55}},"6":{"start":{"line":15,"column":2},"end":{"line":15,"column":65}},"7":{"start":{"line":18,"column":27},"end":{"line":26,"column":1}},"8":{"start":{"line":19,"column":17},"end":{"line":19,"column":88}},"9":{"start":{"line":21,"column":2},"end":{"line":23,"column":3}},"10":{"start":{"line":22,"column":4},"end":{"line":22,"column":55}},"11":{"start":{"line":25,"column":2},"end":{"line":25,"column":35}},"12":{"start":{"line":28,"column":32},"end":{"line":30,"column":1}},"13":{"start":{"line":29,"column":2},"end":{"line":29,"column":62}},"14":{"start":{"line":32,"column":31},"end":{"line":52,"column":1}},"15":{"start":{"line":33,"column":20},"end":{"line":33,"column":59}},"16":{"start":{"line":35,"column":2},"end":{"line":51,"column":4}},"17":{"start":{"line":41,"column":8},"end":{"line":43,"column":9}},"18":{"start":{"line":42,"column":10},"end":{"line":42,"column":58}},"19":{"start":{"line":44,"column":8},"end":{"line":47,"column":9}},"20":{"start":{"line":45,"column":10},"end":{"line":45,"column":58}},"21":{"start":{"line":46,"column":10},"end":{"line":46,"column":22}},"22":{"start":{"line":48,"column":8},"end":{"line":48,"column":55}},"23":{"start":{"line":49,"column":8},"end":{"line":49,"column":20}}},"fnMap":{"0":{"name":"(anonymous_0)","decl":{"start":{"line":7,"column":29},"end":{"line":7,"column":30}},"loc":{"start":{"line":7,"column":54},"end":{"line":16,"column":1}},"line":7},"1":{"name":"(anonymous_1)","decl":{"start":{"line":18,"column":27},"end":{"line":18,"column":28}},"loc":{"start":{"line":18,"column":53},"end":{"line":26,"column":1}},"line":18},"2":{"name":"(anonymous_2)","decl":{"start":{"line":28,"column":32},"end":{"line":28,"column":33}},"loc":{"start":{"line":28,"column":50},"end":{"line":30,"column":1}},"line":28},"3":{"name":"(anonymous_3)","decl":{"start":{"line":32,"column":31},"end":{"line":32,"column":32}},"loc":{"start":{"line":32,"column":54},"end":{"line":52,"column":1}},"line":32},"4":{"name":"(anonymous_4)","decl":{"start":{"line":40,"column":14},"end":{"line":40,"column":15}},"loc":{"start":{"line":40,"column":34},"end":{"line":50,"column":7}},"line":40}},"branchMap":{"0":{"loc":{"start":{"line":7,"column":36},"end":{"line":7,"column":49}},"type":"default-arg","locations":[{"start":{"line":7,"column":45},"end":{"line":7,"column":49}}],"line":7},"1":{"loc":{"start":{"line":8,"column":17},"end":{"line":8,"column":88}},"type":"cond-expr","locations":[{"start":{"line":8,"column":26},"end":{"line":8,"column":57}},{"start":{"line":8,"column":60},"end":{"line":8,"column":88}}],"line":8},"2":{"loc":{"start":{"line":9,"column":17},"end":{"line":9,"column":88}},"type":"cond-expr","locations":[{"start":{"line":9,"column":26},"end":{"line":9,"column":57}},{"start":{"line":9,"column":60},"end":{"line":9,"column":88}}],"line":9},"3":{"loc":{"start":{"line":11,"column":2},"end":{"line":13,"column":3}},"type":"if","locations":[{"start":{"line":11,"column":2},"end":{"line":13,"column":3}},{"start":{},"end":{}}],"line":11},"4":{"loc":{"start":{"line":18,"column":35},"end":{"line":18,"column":48}},"type":"default-arg","locations":[{"start":{"line":18,"column":44},"end":{"line":18,"column":48}}],"line":18},"5":{"loc":{"start":{"line":19,"column":17},"end":{"line":19,"column":88}},"type":"cond-expr","locations":[{"start":{"line":19,"column":26},"end":{"line":19,"column":57}},{"start":{"line":19,"column":60},"end":{"line":19,"column":88}}],"line":19},"6":{"loc":{"start":{"line":21,"column":2},"end":{"line":23,"column":3}},"type":"if","locations":[{"start":{"line":21,"column":2},"end":{"line":23,"column":3}},{"start":{},"end":{}}],"line":21},"7":{"loc":{"start":{"line":32,"column":32},"end":{"line":32,"column":49}},"type":"default-arg","locations":[{"start":{"line":32,"column":44},"end":{"line":32,"column":49}}],"line":32},"8":{"loc":{"start":{"line":33,"column":20},"end":{"line":33,"column":59}},"type":"cond-expr","locations":[{"start":{"line":33,"column":32},"end":{"line":33,"column":41}},{"start":{"line":33,"column":44},"end":{"line":33,"column":59}}],"line":33},"9":{"loc":{"start":{"line":41,"column":8},"end":{"line":43,"column":9}},"type":"if","locations":[{"start":{"line":41,"column":8},"end":{"line":43,"column":9}},{"start":{},"end":{}}],"line":41},"10":{"loc":{"start":{"line":41,"column":12},"end":{"line":41,"column":63}},"type":"binary-expr","locations":[{"start":{"line":41,"column":12},"end":{"line":41,"column":39}},{"start":{"line":41,"column":43},"end":{"line":41,"column":63}}],"line":41},"11":{"loc":{"start":{"line":44,"column":8},"end":{"line":47,"column":9}},"type":"if","locations":[{"start":{"line":44,"column":8},"end":{"line":47,"column":9}},{"start":{},"end":{}}],"line":44}},"s":{"0":7,"1":7,"2":2,"3":2,"4":2,"5":0,"6":2,"7":7,"8":11,"9":11,"10":0,"11":11,"12":7,"13":1,"14":7,"15":147,"16":147,"17":25,"18":0,"19":21,"20":0,"21":0,"22":21,"23":21},"f":{"0":2,"1":11,"2":1,"3":147,"4":25},"b":{"0":[1],"1":[1,1],"2":[1,1],"3":[0,2],"4":[11],"5":[11,0],"6":[0,11],"7":[147],"8":[0,147],"9":[0,21],"10":[25,21],"11":[0,21]},"_coverageSchema":"1a1c01bbd47fc00a2c39e90264f33305004495a9","hash":"dc37b884810ba699c99febb8d26d48aeb9a1b0bd"}
,"D:\\kuliah\\mbkm\\infinite-learning\\smartrecycling-backend\\app\\routes\\routes.js": {"path":"D:\\kuliah\\mbkm\\infinite-learning\\smartrecycling-backend\\app\\routes\\routes.js","statementMap":{"0":{"start":{"line":12,"column":15},"end":{"line":12,"column":39}},"1":{"start":{"line":15,"column":0},"end":{"line":15,"column":45}},"2":{"start":{"line":16,"column":0},"end":{"line":16,"column":45}},"3":{"start":{"line":17,"column":0},"end":{"line":17,"column":47}},"4":{"start":{"line":20,"column":0},"end":{"line":20,"column":50}},"5":{"start":{"line":21,"column":0},"end":{"line":21,"column":54}},"6":{"start":{"line":22,"column":0},"end":{"line":22,"column":57}},"7":{"start":{"line":24,"column":0},"end":{"line":24,"column":67}},"8":{"start":{"line":25,"column":0},"end":{"line":25,"column":70}},"9":{"start":{"line":26,"column":0},"end":{"line":26,"column":84}},"10":{"start":{"line":28,"column":0},"end":{"line":28,"column":51}},"11":{"start":{"line":29,"column":0},"end":{"line":29,"column":55}},"12":{"start":{"line":30,"column":0},"end":{"line":30,"column":61}},"13":{"start":{"line":31,"column":0},"end":{"line":31,"column":58}},"14":{"start":{"line":33,"column":0},"end":{"line":33,"column":49}},"15":{"start":{"line":34,"column":0},"end":{"line":34,"column":52}},"16":{"start":{"line":35,"column":0},"end":{"line":35,"column":55}},"17":{"start":{"line":37,"column":0},"end":{"line":37,"column":47}},"18":{"start":{"line":38,"column":0},"end":{"line":38,"column":65}},"19":{"start":{"line":39,"column":0},"end":{"line":39,"column":67}},"20":{"start":{"line":40,"column":0},"end":{"line":40,"column":52}},"21":{"start":{"line":42,"column":0},"end":{"line":42,"column":77}},"22":{"start":{"line":43,"column":0},"end":{"line":43,"column":85}},"23":{"start":{"line":44,"column":0},"end":{"line":44,"column":70}},"24":{"start":{"line":45,"column":0},"end":{"line":45,"column":80}}},"fnMap":{},"branchMap":{},"s":{"0":7,"1":7,"2":7,"3":7,"4":7,"5":7,"6":7,"7":7,"8":7,"9":7,"10":7,"11":7,"12":7,"13":7,"14":7,"15":7,"16":7,"17":7,"18":7,"19":7,"20":7,"21":7,"22":7,"23":7,"24":7},"f":{},"b":{},"_coverageSchema":"1a1c01bbd47fc00a2c39e90264f33305004495a9","hash":"6ff48779187f5fa657488d573d9dbd22fe87fc52"}
}
