TN:
SF:app\__test__\db.js
FN:11,(anonymous_0)
FNF:1
FNH:1
FNDA:1,(anonymous_0)
DA:3,7
DA:11,7
DA:12,1
DA:13,1
DA:14,1
DA:16,0
DA:17,0
DA:21,7
LF:8
LH:6
BRF:0
BRH:0
end_of_record
TN:
SF:app\controller\auth.controller.js
FN:9,(anonymous_0)
FN:40,(anonymous_1)
FN:97,(anonymous_2)
FNF:3
FNH:2
FNDA:2,(anonymous_0)
FNDA:2,(anonymous_1)
FNDA:0,(anonymous_2)
DA:6,7
DA:8,7
DA:10,2
DA:11,2
DA:12,2
DA:14,2
DA:19,2
DA:20,1
DA:26,1
DA:27,1
DA:29,1
DA:34,1
DA:36,0
DA:41,2
DA:42,2
DA:44,2
DA:48,2
DA:50,2
DA:51,0
DA:57,2
DA:59,2
DA:60,1
DA:66,1
DA:67,1
DA:68,1
DA:70,1
DA:75,1
DA:76,1
DA:81,0
DA:87,1
DA:93,0
DA:98,0
DA:99,0
DA:101,0
DA:105,0
DA:110,0
LF:36
LH:27
BRDA:19,0,0,1
BRDA:19,0,1,1
BRDA:50,1,0,0
BRDA:50,1,1,2
BRDA:59,2,0,1
BRDA:59,2,1,1
BRDA:75,3,0,1
BRDA:75,3,1,0
BRF:8
BRH:6
end_of_record
TN:
SF:app\controller\event.controller.js
FN:6,(anonymous_0)
FN:29,(anonymous_1)
FN:53,(anonymous_2)
FNF:3
FNH:2
FNDA:2,(anonymous_0)
FNDA:0,(anonymous_1)
FNDA:1,(anonymous_2)
DA:4,7
DA:6,7
DA:7,2
DA:8,2
DA:9,1
DA:15,1
DA:18,1
DA:20,1
DA:25,0
DA:29,7
DA:30,0
DA:31,0
DA:33,0
DA:35,0
DA:36,0
DA:42,0
DA:44,0
DA:49,0
DA:53,7
DA:54,1
DA:55,1
DA:56,1
DA:59,1
DA:61,1
DA:62,1
DA:69,0
DA:71,0
DA:72,0
DA:79,0
DA:81,0
DA:86,0
LF:31
LH:16
BRDA:8,0,0,1
BRDA:8,0,1,1
BRDA:35,1,0,0
BRDA:35,1,1,0
BRDA:61,2,0,1
BRDA:61,2,1,0
BRDA:71,3,0,0
BRDA:71,3,1,0
BRF:8
BRH:3
end_of_record
TN:
SF:app\controller\exchange.controller.js
FN:6,(anonymous_0)
FN:29,(anonymous_1)
FN:45,(anonymous_2)
FNF:3
FNH:0
FNDA:0,(anonymous_0)
FNDA:0,(anonymous_1)
FNDA:0,(anonymous_2)
DA:4,7
DA:6,7
DA:7,0
DA:8,0
DA:9,0
DA:15,0
DA:17,0
DA:18,0
DA:20,0
DA:25,0
DA:29,7
DA:30,0
DA:31,0
DA:33,0
DA:34,0
DA:36,0
DA:41,0
DA:45,7
DA:46,0
DA:47,0
DA:50,0
DA:52,0
DA:57,0
LF:23
LH:4
BRDA:8,0,0,0
BRDA:8,0,1,0
BRF:2
BRH:0
end_of_record
TN:
SF:app\controller\item.controller.js
FN:6,(anonymous_0)
FN:29,(anonymous_1)
FN:52,(anonymous_2)
FNF:3
FNH:3
FNDA:1,(anonymous_0)
FNDA:2,(anonymous_1)
FNDA:1,(anonymous_2)
DA:4,7
DA:6,7
DA:7,1
DA:8,1
DA:9,0
DA:15,1
DA:17,1
DA:18,1
DA:20,1
DA:25,0
DA:29,7
DA:30,2
DA:31,2
DA:32,0
DA:38,2
DA:39,2
DA:41,2
DA:43,2
DA:48,0
DA:52,7
DA:53,1
DA:54,1
DA:55,0
DA:61,1
DA:62,1
DA:64,1
DA:66,1
DA:67,0
DA:73,1
DA:75,1
DA:77,1
DA:78,1
DA:80,1
DA:85,0
LF:34
LH:27
BRDA:8,0,0,0
BRDA:8,0,1,1
BRDA:31,1,0,0
BRDA:31,1,1,2
BRDA:54,2,0,0
BRDA:54,2,1,1
BRDA:66,3,0,0
BRDA:66,3,1,1
BRF:8
BRH:4
end_of_record
TN:
SF:app\controller\payment.controller.js
FN:5,(anonymous_0)
FN:34,(anonymous_1)
FNF:2
FNH:2
FNDA:1,(anonymous_0)
FNDA:1,(anonymous_1)
DA:3,7
DA:5,7
DA:6,1
DA:7,1
DA:10,1
DA:12,1
DA:13,1
DA:20,0
DA:25,0
DA:30,0
DA:34,7
DA:35,1
DA:36,1
DA:39,1
DA:41,1
DA:42,1
DA:49,0
DA:51,0
DA:56,0
LF:19
LH:13
BRDA:12,0,0,1
BRDA:12,0,1,0
BRDA:41,1,0,1
BRDA:41,1,1,0
BRF:4
BRH:2
end_of_record
TN:
SF:app\controller\report.controller.js
FN:6,(anonymous_0)
FN:29,(anonymous_1)
FN:45,(anonymous_2)
FN:62,(anonymous_3)
FNF:4
FNH:1
FNDA:2,(anonymous_0)
FNDA:0,(anonymous_1)
FNDA:0,(anonymous_2)
FNDA:0,(anonymous_3)
DA:4,7
DA:6,7
DA:7,2
DA:8,2
DA:9,1
DA:15,1
DA:17,1
DA:18,1
DA:20,1
DA:25,0
DA:29,7
DA:30,0
DA:31,0
DA:34,0
DA:36,0
DA:41,0
DA:45,7
DA:46,0
DA:47,0
DA:48,0
DA:51,0
DA:53,0
DA:58,0
DA:62,7
DA:63,0
DA:64,0
DA:67,0
DA:69,0
DA:74,0
LF:29
LH:12
BRDA:8,0,0,1
BRDA:8,0,1,1
BRF:2
BRH:2
end_of_record
TN:
SF:app\controller\transaction.controller.js
FN:5,(anonymous_0)
FN:30,(anonymous_1)
FNF:2
FNH:2
FNDA:3,(anonymous_0)
FNDA:2,(anonymous_1)
DA:3,7
DA:5,7
DA:6,3
DA:7,3
DA:10,3
DA:11,3
DA:12,2
DA:19,1
DA:21,1
DA:26,0
DA:30,7
DA:31,2
DA:32,2
DA:35,2
DA:36,2
DA:38,2
DA:39,1
DA:46,1
DA:48,1
DA:53,0
LF:20
LH:18
BRDA:11,0,0,2
BRDA:11,0,1,1
BRDA:38,1,0,1
BRDA:38,1,1,1
BRDA:38,2,0,2
BRDA:38,2,1,1
BRF:6
BRH:6
end_of_record
TN:
SF:app\controller\user.controller.js
FN:6,(anonymous_0)
FN:42,(anonymous_1)
FN:76,(anonymous_2)
FN:110,(anonymous_3)
FNF:4
FNH:0
FNDA:0,(anonymous_0)
FNDA:0,(anonymous_1)
FNDA:0,(anonymous_2)
FNDA:0,(anonymous_3)
DA:4,7
DA:6,7
DA:7,0
DA:8,0
DA:9,0
DA:15,0
DA:17,0
DA:18,0
DA:20,0
DA:21,0
DA:27,0
DA:38,0
DA:42,7
DA:43,0
DA:45,0
DA:46,0
DA:53,0
DA:54,0
DA:56,0
DA:57,0
DA:64,0
DA:65,0
DA:67,0
DA:72,0
DA:76,7
DA:77,0
DA:78,0
DA:80,0
DA:81,0
DA:88,0
DA:91,0
DA:92,0
DA:94,0
DA:106,0
DA:110,7
DA:111,0
DA:112,0
DA:114,0
DA:115,0
DA:122,0
DA:125,0
DA:126,0
DA:128,0
DA:140,0
LF:44
LH:5
BRDA:8,0,0,0
BRDA:8,0,1,0
BRDA:20,1,0,0
BRDA:20,1,1,0
BRDA:45,2,0,0
BRDA:45,2,1,0
BRDA:56,3,0,0
BRDA:56,3,1,0
BRDA:56,4,0,0
BRDA:56,4,1,0
BRDA:80,5,0,0
BRDA:80,5,1,0
BRDA:80,6,0,0
BRDA:80,6,1,0
BRDA:114,7,0,0
BRDA:114,7,1,0
BRDA:114,8,0,0
BRDA:114,8,1,0
BRF:18
BRH:0
end_of_record
TN:
SF:app\lib\dbConnect.js
FN:8,(anonymous_0)
FNF:1
FNH:1
FNDA:56,(anonymous_0)
DA:6,7
DA:8,7
DA:9,56
LF:3
LH:3
BRF:0
BRH:0
end_of_record
TN:
SF:app\lib\testServer.js
FN:8,(anonymous_0)
FNF:1
FNH:1
FNDA:7,(anonymous_0)
DA:4,7
DA:8,7
DA:9,7
DA:11,7
DA:12,7
DA:14,7
DA:15,7
DA:17,7
LF:8
LH:8
BRF:0
BRH:0
end_of_record
TN:
SF:app\lib\tokenHandler.js
FN:7,(anonymous_0)
FN:18,(anonymous_1)
FN:28,(anonymous_2)
FN:32,(anonymous_3)
FN:40,(anonymous_4)
FNF:5
FNH:5
FNDA:2,(anonymous_0)
FNDA:6,(anonymous_1)
FNDA:1,(anonymous_2)
FNDA:147,(anonymous_3)
FNDA:16,(anonymous_4)
DA:5,7
DA:7,7
DA:8,2
DA:9,2
DA:11,2
DA:12,0
DA:15,2
DA:18,7
DA:19,6
DA:21,6
DA:22,0
DA:25,6
DA:28,7
DA:29,1
DA:32,7
DA:33,147
DA:35,147
DA:41,16
DA:42,0
DA:44,13
DA:45,0
DA:46,0
DA:48,13
DA:49,13
LF:24
LH:19
BRDA:7,0,0,1
BRDA:8,1,0,1
BRDA:8,1,1,1
BRDA:9,2,0,1
BRDA:9,2,1,1
BRDA:11,3,0,0
BRDA:11,3,1,2
BRDA:18,4,0,6
BRDA:19,5,0,6
BRDA:19,5,1,0
BRDA:21,6,0,0
BRDA:21,6,1,6
BRDA:32,7,0,147
BRDA:33,8,0,0
BRDA:33,8,1,147
BRDA:41,9,0,0
BRDA:41,9,1,13
BRDA:41,10,0,16
BRDA:41,10,1,13
BRDA:44,11,0,0
BRDA:44,11,1,13
BRF:21
BRH:15
end_of_record
TN:
SF:app\routes\routes.js
FNF:0
FNH:0
DA:12,7
DA:15,7
DA:16,7
DA:19,7
DA:20,7
DA:21,7
DA:23,7
DA:24,7
DA:25,7
DA:27,7
DA:28,7
DA:29,7
DA:30,7
DA:32,7
DA:33,7
DA:34,7
DA:36,7
DA:37,7
DA:38,7
DA:39,7
DA:41,7
DA:42,7
DA:43,7
DA:44,7
LF:24
LH:24
BRF:0
BRH:0
end_of_record
