TN:
SF:app\__test__\db.js
FN:11,(anonymous_0)
FNF:1
FNH:1
FNDA:1,(anonymous_0)
DA:3,7
DA:11,7
DA:12,1
DA:13,1
DA:14,1
DA:16,0
DA:17,0
DA:21,7
LF:8
LH:6
BRF:0
BRH:0
end_of_record
TN:
SF:app\controller\auth.controller.js
FN:9,(anonymous_0)
FN:47,(anonymous_1)
FN:104,(anonymous_2)
FNF:3
FNH:3
FNDA:5,(anonymous_0)
FNDA:4,(anonymous_1)
FNDA:2,(anonymous_2)
DA:6,7
DA:8,7
DA:10,5
DA:11,5
DA:12,5
DA:14,5
DA:19,5
DA:20,1
DA:26,4
DA:27,3
DA:33,1
DA:34,1
DA:36,1
DA:41,1
DA:43,0
DA:48,4
DA:49,4
DA:51,4
DA:55,4
DA:57,4
DA:58,2
DA:64,2
DA:66,2
DA:67,1
DA:73,1
DA:74,1
DA:75,1
DA:77,1
DA:82,1
DA:83,0
DA:88,1
DA:94,1
DA:100,0
DA:105,2
DA:106,2
DA:108,2
DA:112,2
DA:113,1
DA:119,1
DA:124,0
LF:40
LH:36
BRDA:19,0,0,1
BRDA:19,0,1,4
BRDA:26,1,0,3
BRDA:26,1,1,1
BRDA:26,2,0,4
BRDA:26,2,1,1
BRDA:57,3,0,2
BRDA:57,3,1,2
BRDA:66,4,0,1
BRDA:66,4,1,1
BRDA:82,5,0,0
BRDA:82,5,1,1
BRDA:112,6,0,1
BRDA:112,6,1,1
BRF:14
BRH:13
end_of_record
TN:
SF:app\controller\event.controller.js
FN:6,(anonymous_0)
FN:29,(anonymous_1)
FN:55,(anonymous_2)
FNF:3
FNH:3
FNDA:2,(anonymous_0)
FNDA:1,(anonymous_1)
FNDA:2,(anonymous_2)
DA:4,7
DA:6,7
DA:7,2
DA:8,2
DA:9,1
DA:15,1
DA:18,1
DA:20,1
DA:25,0
DA:29,7
DA:30,1
DA:31,1
DA:34,1
DA:36,1
DA:37,0
DA:43,1
DA:45,1
DA:50,0
DA:55,7
DA:56,2
DA:57,2
DA:58,2
DA:61,2
DA:63,2
DA:64,0
DA:71,2
DA:73,2
DA:74,1
DA:81,1
DA:83,1
DA:88,0
LF:31
LH:26
BRDA:8,0,0,1
BRDA:8,0,1,1
BRDA:36,1,0,0
BRDA:36,1,1,1
BRDA:63,2,0,0
BRDA:63,2,1,2
BRDA:73,3,0,1
BRDA:73,3,1,1
BRF:8
BRH:6
end_of_record
TN:
SF:app\controller\exchange.controller.js
FN:6,(anonymous_0)
FN:29,(anonymous_1)
FN:45,(anonymous_2)
FNF:3
FNH:0
FNDA:0,(anonymous_0)
FNDA:0,(anonymous_1)
FNDA:0,(anonymous_2)
DA:4,7
DA:6,7
DA:7,0
DA:8,0
DA:9,0
DA:15,0
DA:17,0
DA:18,0
DA:20,0
DA:25,0
DA:29,7
DA:30,0
DA:31,0
DA:33,0
DA:34,0
DA:36,0
DA:41,0
DA:45,7
DA:46,0
DA:47,0
DA:50,0
DA:52,0
DA:57,0
LF:23
LH:4
BRDA:8,0,0,0
BRDA:8,0,1,0
BRF:2
BRH:0
end_of_record
TN:
SF:app\controller\item.controller.js
FN:6,(anonymous_0)
FN:29,(anonymous_1)
FN:52,(anonymous_2)
FNF:3
FNH:3
FNDA:1,(anonymous_0)
FNDA:2,(anonymous_1)
FNDA:1,(anonymous_2)
DA:4,7
DA:6,7
DA:7,1
DA:8,1
DA:9,0
DA:15,1
DA:17,1
DA:18,1
DA:20,1
DA:25,0
DA:29,7
DA:30,2
DA:31,2
DA:32,0
DA:38,2
DA:39,2
DA:41,2
DA:43,2
DA:48,0
DA:52,7
DA:53,1
DA:54,1
DA:55,0
DA:61,1
DA:62,1
DA:64,1
DA:66,1
DA:67,0
DA:73,1
DA:75,1
DA:77,1
DA:78,1
DA:80,1
DA:85,0
LF:34
LH:27
BRDA:8,0,0,0
BRDA:8,0,1,1
BRDA:31,1,0,0
BRDA:31,1,1,2
BRDA:54,2,0,0
BRDA:54,2,1,1
BRDA:66,3,0,0
BRDA:66,3,1,1
BRF:8
BRH:4
end_of_record
TN:
SF:app\controller\payment.controller.js
FN:5,(anonymous_0)
FN:34,(anonymous_1)
FNF:2
FNH:2
FNDA:1,(anonymous_0)
FNDA:1,(anonymous_1)
DA:3,7
DA:5,7
DA:6,1
DA:7,1
DA:10,1
DA:12,1
DA:13,1
DA:20,0
DA:25,0
DA:30,0
DA:34,7
DA:35,1
DA:36,1
DA:39,1
DA:41,1
DA:42,1
DA:49,0
DA:51,0
DA:56,0
LF:19
LH:13
BRDA:12,0,0,1
BRDA:12,0,1,0
BRDA:41,1,0,1
BRDA:41,1,1,0
BRF:4
BRH:2
end_of_record
TN:
SF:app\controller\report.controller.js
FN:6,(anonymous_0)
FN:29,(anonymous_1)
FN:61,(anonymous_2)
FN:78,(anonymous_3)
FNF:4
FNH:4
FNDA:2,(anonymous_0)
FNDA:5,(anonymous_1)
FNDA:1,(anonymous_2)
FNDA:1,(anonymous_3)
DA:4,7
DA:6,7
DA:7,2
DA:8,2
DA:9,1
DA:15,1
DA:17,1
DA:18,1
DA:20,1
DA:25,0
DA:29,7
DA:30,5
DA:31,5
DA:33,5
DA:35,4
DA:36,0
DA:42,4
DA:43,2
DA:50,2
DA:52,1
DA:57,2
DA:61,7
DA:62,1
DA:63,1
DA:64,1
DA:67,1
DA:69,1
DA:74,0
DA:78,7
DA:79,1
DA:80,1
DA:83,1
DA:85,1
DA:90,0
LF:34
LH:30
BRDA:8,0,0,1
BRDA:8,0,1,1
BRDA:35,1,0,0
BRDA:35,1,1,4
BRDA:42,2,0,2
BRDA:42,2,1,2
BRDA:42,3,0,4
BRDA:42,3,1,3
BRDA:42,3,2,2
BRDA:42,3,3,2
BRF:10
BRH:9
end_of_record
TN:
SF:app\controller\transaction.controller.js
FN:5,(anonymous_0)
FN:29,(anonymous_1)
FNF:2
FNH:2
FNDA:3,(anonymous_0)
FNDA:2,(anonymous_1)
DA:3,7
DA:5,7
DA:6,3
DA:7,3
DA:10,3
DA:11,3
DA:12,2
DA:18,1
DA:20,1
DA:25,0
DA:29,7
DA:30,2
DA:31,2
DA:33,2
DA:34,2
DA:36,2
DA:37,1
DA:44,1
DA:46,1
DA:51,0
LF:20
LH:18
BRDA:11,0,0,2
BRDA:11,0,1,1
BRDA:36,1,0,1
BRDA:36,1,1,1
BRDA:36,2,0,2
BRDA:36,2,1,1
BRF:6
BRH:6
end_of_record
TN:
SF:app\controller\user.controller.js
FN:6,(anonymous_0)
FN:42,(anonymous_1)
FN:76,(anonymous_2)
FN:110,(anonymous_3)
FNF:4
FNH:0
FNDA:0,(anonymous_0)
FNDA:0,(anonymous_1)
FNDA:0,(anonymous_2)
FNDA:0,(anonymous_3)
DA:4,7
DA:6,7
DA:7,0
DA:8,0
DA:9,0
DA:15,0
DA:17,0
DA:18,0
DA:20,0
DA:21,0
DA:27,0
DA:38,0
DA:42,7
DA:43,0
DA:45,0
DA:46,0
DA:53,0
DA:54,0
DA:56,0
DA:57,0
DA:64,0
DA:65,0
DA:67,0
DA:72,0
DA:76,7
DA:77,0
DA:78,0
DA:80,0
DA:81,0
DA:88,0
DA:91,0
DA:92,0
DA:94,0
DA:106,0
DA:110,7
DA:111,0
DA:112,0
DA:114,0
DA:115,0
DA:122,0
DA:125,0
DA:126,0
DA:128,0
DA:140,0
LF:44
LH:5
BRDA:8,0,0,0
BRDA:8,0,1,0
BRDA:20,1,0,0
BRDA:20,1,1,0
BRDA:45,2,0,0
BRDA:45,2,1,0
BRDA:56,3,0,0
BRDA:56,3,1,0
BRDA:56,4,0,0
BRDA:56,4,1,0
BRDA:80,5,0,0
BRDA:80,5,1,0
BRDA:80,6,0,0
BRDA:80,6,1,0
BRDA:114,7,0,0
BRDA:114,7,1,0
BRDA:114,8,0,0
BRDA:114,8,1,0
BRF:18
BRH:0
end_of_record
TN:
SF:app\lib\dbConnect.js
FN:8,(anonymous_0)
FNF:1
FNH:1
FNDA:58,(anonymous_0)
DA:6,7
DA:8,7
DA:9,58
LF:3
LH:3
BRF:0
BRH:0
end_of_record
TN:
SF:app\lib\testServer.js
FN:8,(anonymous_0)
FNF:1
FNH:1
FNDA:7,(anonymous_0)
DA:4,7
DA:8,7
DA:9,7
DA:11,7
DA:12,7
DA:14,7
DA:15,7
DA:17,7
LF:8
LH:8
BRF:0
BRH:0
end_of_record
TN:
SF:app\lib\tokenHandler.js
FN:7,(anonymous_0)
FN:18,(anonymous_1)
FN:28,(anonymous_2)
FN:32,(anonymous_3)
FN:40,(anonymous_4)
FNF:5
FNH:5
FNDA:2,(anonymous_0)
FNDA:11,(anonymous_1)
FNDA:1,(anonymous_2)
FNDA:147,(anonymous_3)
FNDA:25,(anonymous_4)
DA:5,7
DA:7,7
DA:8,2
DA:9,2
DA:11,2
DA:12,0
DA:15,2
DA:18,7
DA:19,11
DA:21,11
DA:22,0
DA:25,11
DA:28,7
DA:29,1
DA:32,7
DA:33,147
DA:35,147
DA:41,25
DA:42,0
DA:44,21
DA:45,0
DA:46,0
DA:48,21
DA:49,21
LF:24
LH:19
BRDA:7,0,0,1
BRDA:8,1,0,1
BRDA:8,1,1,1
BRDA:9,2,0,1
BRDA:9,2,1,1
BRDA:11,3,0,0
BRDA:11,3,1,2
BRDA:18,4,0,11
BRDA:19,5,0,11
BRDA:19,5,1,0
BRDA:21,6,0,0
BRDA:21,6,1,11
BRDA:32,7,0,147
BRDA:33,8,0,0
BRDA:33,8,1,147
BRDA:41,9,0,0
BRDA:41,9,1,21
BRDA:41,10,0,25
BRDA:41,10,1,21
BRDA:44,11,0,0
BRDA:44,11,1,21
BRF:21
BRH:15
end_of_record
TN:
SF:app\routes\routes.js
FNF:0
FNH:0
DA:12,7
DA:15,7
DA:16,7
DA:17,7
DA:20,7
DA:21,7
DA:22,7
DA:24,7
DA:25,7
DA:26,7
DA:28,7
DA:29,7
DA:30,7
DA:31,7
DA:33,7
DA:34,7
DA:35,7
DA:37,7
DA:38,7
DA:39,7
DA:40,7
DA:42,7
DA:43,7
DA:44,7
DA:45,7
LF:25
LH:25
BRF:0
BRH:0
end_of_record
